# JRE version: Java(TM) SE Runtime Environment (7.0_80-b15) (build 1.7.0_80-b15)
# Java VM: Java HotSpot(TM) 64-Bit Server VM (24.80-b11 mixed mode linux-amd64 compressed oops)
Heap
 PSYoungGen      total 310784K, used 41096K [0x00000000eaa80000, 0x00000000ffd00000, 0x0000000100000000)
  eden space 278016K, 11% used [0x00000000eaa80000,0x00000000ec8bb7a0,0x00000000fba00000)
  from space 32768K, 30% used [0x00000000fdd00000,0x00000000fe6e6a38,0x00000000ffd00000)
  to   space 34304K, 0% used [0x00000000fba00000,0x00000000fba00000,0x00000000fdb80000)
 ParOldGen       total 61952K, used 41123K [0x00000000c0000000, 0x00000000c3c80000, 0x00000000eaa80000)
  object space 61952K, 66% used [0x00000000c0000000,0x00000000c2828c90,0x00000000c3c80000)
 PSPermGen       total 100864K, used 47250K [0x00000000b0000000, 0x00000000b6280000, 0x00000000c0000000)
  object space 100864K, 46% used [0x00000000b0000000,0x00000000b2e24bf8,0x00000000b6280000)
GC Heap History (10 events):
Event: 27,346 GC heap before
{Heap before GC invocations=9 (full 1):
 PSYoungGen      total 308736K, used 29074K [0x00000000eaa80000, 0x0000000100000000, 0x0000000100000000)
  eden space 278016K, 0% used [0x00000000eaa80000,0x00000000eaa80000,0x00000000fba00000)
  from space 30720K, 94% used [0x00000000fe200000,0x00000000ffe64878,0x0000000100000000)
  to   space 35840K, 0% used [0x00000000fba00000,0x00000000fba00000,0x00000000fdd00000)
 ParOldGen       total 61952K, used 39097K [0x00000000c0000000, 0x00000000c3c80000, 0x00000000eaa80000)
  object space 61952K, 63% used [0x00000000c0000000,0x00000000c262e6f8,0x00000000c3c80000)
 PSPermGen       total 46592K, used 46119K [0x00000000b0000000, 0x00000000b2d80000, 0x00000000c0000000)
  object space 46592K, 98% used [0x00000000b0000000,0x00000000b2d09c10,0x00000000b2d80000)
Event: 27,826 GC heap after
Heap after GC invocations=9 (full 1):
 PSYoungGen      total 308736K, used 0K [0x00000000eaa80000, 0x0000000100000000, 0x0000000100000000)
  eden space 278016K, 0% used [0x00000000eaa80000,0x00000000eaa80000,0x00000000fba00000)
  from space 30720K, 0% used [0x00000000fe200000,0x00000000fe200000,0x0000000100000000)
  to   space 35840K, 0% used [0x00000000fba00000,0x00000000fba00000,0x00000000fdd00000)
 ParOldGen       total 61952K, used 51277K [0x00000000c0000000, 0x00000000c3c80000, 0x00000000eaa80000)
  object space 61952K, 82% used [0x00000000c0000000,0x00000000c32136b0,0x00000000c3c80000)
 PSPermGen       total 92672K, used 46091K [0x00000000b0000000, 0x00000000b5a80000, 0x00000000c0000000)
  object space 92672K, 49% used [0x00000000b0000000,0x00000000b2d02f10,0x00000000b5a80000)
}
Event: 290,363 GC heap before
{Heap before GC invocations=10 (full 2):
 PSYoungGen      total 308736K, used 195918K [0x00000000eaa80000, 0x0000000100000000, 0x0000000100000000)
  eden space 278016K, 70% used [0x00000000eaa80000,0x00000000f69d3810,0x00000000fba00000)
  from space 30720K, 0% used [0x00000000fe200000,0x00000000fe200000,0x0000000100000000)
  to   space 35840K, 0% used [0x00000000fba00000,0x00000000fba00000,0x00000000fdd00000)
 ParOldGen       total 61952K, used 51277K [0x00000000c0000000, 0x00000000c3c80000, 0x00000000eaa80000)
  object space 61952K, 82% used [0x00000000c0000000,0x00000000c32136b0,0x00000000c3c80000)
 PSPermGen       total 92672K, used 46534K [0x00000000b0000000, 0x00000000b5a80000, 0x00000000c0000000)
  object space 92672K, 50% used [0x00000000b0000000,0x00000000b2d719a8,0x00000000b5a80000)
Event: 290,627 GC heap after
Heap after GC invocations=10 (full 2):
 PSYoungGen      total 308736K, used 0K [0x00000000eaa80000, 0x0000000100000000, 0x0000000100000000)
  eden space 278016K, 0% used [0x00000000eaa80000,0x00000000eaa80000,0x00000000fba00000)
  from space 30720K, 0% used [0x00000000fe200000,0x00000000fe200000,0x0000000100000000)
  to   space 35840K, 0% used [0x00000000fba00000,0x00000000fba00000,0x00000000fdd00000)
 ParOldGen       total 61952K, used 40946K [0x00000000c0000000, 0x00000000c3c80000, 0x00000000eaa80000)
  object space 61952K, 66% used [0x00000000c0000000,0x00000000c27fc878,0x00000000c3c80000)
 PSPermGen       total 104448K, used 46532K [0x00000000b0000000, 0x00000000b6600000, 0x00000000c0000000)
  object space 104448K, 44% used [0x00000000b0000000,0x00000000b2d712a8,0x00000000b6600000)
}
Event: 495,073 GC heap before
{Heap before GC invocations=11 (full 2):
 PSYoungGen      total 308736K, used 173815K [0x00000000eaa80000, 0x0000000100000000, 0x0000000100000000)
  eden space 278016K, 62% used [0x00000000eaa80000,0x00000000f543dc40,0x00000000fba00000)
  from space 30720K, 0% used [0x00000000fe200000,0x00000000fe200000,0x0000000100000000)
  to   space 35840K, 0% used [0x00000000fba00000,0x00000000fba00000,0x00000000fdd00000)
 ParOldGen       total 61952K, used 40946K [0x00000000c0000000, 0x00000000c3c80000, 0x00000000eaa80000)
  object space 61952K, 66% used [0x00000000c0000000,0x00000000c27fc878,0x00000000c3c80000)
 PSPermGen       total 104448K, used 46771K [0x00000000b0000000, 0x00000000b6600000, 0x00000000c0000000)
  object space 104448K, 44% used [0x00000000b0000000,0x00000000b2dacdc8,0x00000000b6600000)
Event: 495,079 GC heap after
Heap after GC invocations=11 (full 2):
 PSYoungGen      total 313856K, used 1712K [0x00000000eaa80000, 0x0000000100000000, 0x0000000100000000)
  eden space 278016K, 0% used [0x00000000eaa80000,0x00000000eaa80000,0x00000000fba00000)
  from space 35840K, 4% used [0x00000000fba00000,0x00000000fbbac050,0x00000000fdd00000)
  to   space 35840K, 0% used [0x00000000fdd00000,0x00000000fdd00000,0x0000000100000000)
 ParOldGen       total 61952K, used 40946K [0x00000000c0000000, 0x00000000c3c80000, 0x00000000eaa80000)
  object space 61952K, 66% used [0x00000000c0000000,0x00000000c27fc878,0x00000000c3c80000)
 PSPermGen       total 104448K, used 46771K [0x00000000b0000000, 0x00000000b6600000, 0x00000000c0000000)
  object space 104448K, 44% used [0x00000000b0000000,0x00000000b2dacdc8,0x00000000b6600000)
}
Event: 495,079 GC heap before
{Heap before GC invocations=12 (full 3):
 PSYoungGen      total 313856K, used 1712K [0x00000000eaa80000, 0x0000000100000000, 0x0000000100000000)
  eden space 278016K, 0% used [0x00000000eaa80000,0x00000000eaa80000,0x00000000fba00000)
  from space 35840K, 4% used [0x00000000fba00000,0x00000000fbbac050,0x00000000fdd00000)
  to   space 35840K, 0% used [0x00000000fdd00000,0x00000000fdd00000,0x0000000100000000)
 ParOldGen       total 61952K, used 40946K [0x00000000c0000000, 0x00000000c3c80000, 0x00000000eaa80000)
  object space 61952K, 66% used [0x00000000c0000000,0x00000000c27fc878,0x00000000c3c80000)
 PSPermGen       total 104448K, used 46771K [0x00000000b0000000, 0x00000000b6600000, 0x00000000c0000000)
  object space 104448K, 44% used [0x00000000b0000000,0x00000000b2dacdc8,0x00000000b6600000)
Event: 495,502 GC heap after
Heap after GC invocations=12 (full 3):
 PSYoungGen      total 313856K, used 0K [0x00000000eaa80000, 0x0000000100000000, 0x0000000100000000)
  eden space 278016K, 0% used [0x00000000eaa80000,0x00000000eaa80000,0x00000000fba00000)
  from space 35840K, 0% used [0x00000000fba00000,0x00000000fba00000,0x00000000fdd00000)
  to   space 35840K, 0% used [0x00000000fdd00000,0x00000000fdd00000,0x0000000100000000)
 ParOldGen       total 61952K, used 41123K [0x00000000c0000000, 0x00000000c3c80000, 0x00000000eaa80000)
  object space 61952K, 66% used [0x00000000c0000000,0x00000000c2828c90,0x00000000c3c80000)
 PSPermGen       total 100864K, used 46770K [0x00000000b0000000, 0x00000000b6280000, 0x00000000c0000000)
  object space 100864K, 46% used [0x00000000b0000000,0x00000000b2dac928,0x00000000b6280000)
}
Event: 687,464 GC heap before
{Heap before GC invocations=13 (full 3):
 PSYoungGen      total 313856K, used 278016K [0x00000000eaa80000, 0x0000000100000000, 0x0000000100000000)
  eden space 278016K, 100% used [0x00000000eaa80000,0x00000000fba00000,0x00000000fba00000)
  from space 35840K, 0% used [0x00000000fba00000,0x00000000fba00000,0x00000000fdd00000)
  to   space 35840K, 0% used [0x00000000fdd00000,0x00000000fdd00000,0x0000000100000000)
 ParOldGen       total 61952K, used 41123K [0x00000000c0000000, 0x00000000c3c80000, 0x00000000eaa80000)
  object space 61952K, 66% used [0x00000000c0000000,0x00000000c2828c90,0x00000000c3c80000)
 PSPermGen       total 100864K, used 47215K [0x00000000b0000000, 0x00000000b6280000, 0x00000000c0000000)
  object space 100864K, 46% used [0x00000000b0000000,0x00000000b2e1bd08,0x00000000b6280000)
Event: 687,482 GC heap after
Heap after GC invocations=13 (full 3):
 PSYoungGen      total 310784K, used 10138K [0x00000000eaa80000, 0x00000000ffd00000, 0x0000000100000000)
  eden space 278016K, 0% used [0x00000000eaa80000,0x00000000eaa80000,0x00000000fba00000)
  from space 32768K, 30% used [0x00000000fdd00000,0x00000000fe6e6a38,0x00000000ffd00000)
  to   space 34304K, 0% used [0x00000000fba00000,0x00000000fba00000,0x00000000fdb80000)
 ParOldGen       total 61952K, used 41123K [0x00000000c0000000, 0x00000000c3c80000, 0x00000000eaa80000)
  object space 61952K, 66% used [0x00000000c0000000,0x00000000c2828c90,0x00000000c3c80000)
 PSPermGen       total 100864K, used 47215K [0x00000000b0000000, 0x00000000b6280000, 0x00000000c0000000)
  object space 100864K, 46% used [0x00000000b0000000,0x00000000b2e1bd08,0x00000000b6280000)
}

